This is pdfeTeX, Version 3.141592-1.21a-2.2 (Web2C 7.5.4) (format=pdflatex 2006.10.7)  6 JUL 2010 19:50
entering extended mode
\write18 enabled.
**pres.tex
(./pres.tex
LaTeX2e <2003/12/01>
Babel <v3.8d> and hyphenation patterns for american, french, german, ngerman, b
ahasa, basque, bulgarian, catalan, croatian, czech, danish, dutch, esperanto, e
stonian, finnish, greek, icelandic, irish, italian, latin, magyar, norsk, polis
h, portuges, romanian, russian, serbian, slovak, slovene, spanish, swedish, tur
kish, ukrainian, nohyphenation, loaded.
(/sw/share/texmf-dist/tex/latex/beamer/beamer.cls
(/sw/share/texmf-dist/tex/latex/beamer/beamerbasercs.sty
Package: beamerbasercs 2004/10/07 (rcs-revision 1.3)
)
Document Class: beamer 2004/10/11 cvs version 3.01 A class for typesetting pres
entations (rcs-revision 1.55)
(/sw/share/texmf-dist/tex/latex/beamer/beamerbasemodes.sty
Package: beamerbasemodes 2004/10/07 (rcs-revision 1.20)
\beamer@tempbox=\box26
\beamer@tempcount=\count79
\c@beamerpauses=\count80

(/sw/share/texmf-dist/tex/latex/beamer/beamerbasedecode.sty
Package: beamerbasedecode 2004/10/07 (rcs-revision 1.16)
\beamer@slideinframe=\count81
\beamer@minimum=\count82
)
\beamer@commentbox=\box27
\beamer@modecount=\count83
)
\headheight=\dimen102
\headdp=\dimen103
\footheight=\dimen104
\sidebarheight=\dimen105
\beamer@tempdim=\dimen106
\beamer@finalheight=\dimen107
\beamer@animht=\dimen108
\beamer@animdp=\dimen109
\beamer@animwd=\dimen110
\beamer@leftmargin=\dimen111
\beamer@rightmargin=\dimen112
\beamer@leftsidebar=\dimen113
\beamer@rightsidebar=\dimen114
\beamer@boxsize=\dimen115
\beamer@vboxoffset=\dimen116
\beamer@descdefault=\dimen117
\beamer@descriptionwidth=\dimen118
\beamer@lastskip=\skip41
\beamer@areabox=\box28
\beamer@animcurrent=\box29
\beamer@animshowbox=\box30
\beamer@sectionbox=\box31
\beamer@logobox=\box32
\beamer@linebox=\box33
\beamer@sectioncount=\count84
\beamer@subsectionmax=\count85
\beamer@sectionmax=\count86
\beamer@totalheads=\count87
\beamer@headcounter=\count88
\beamer@partstartpage=\count89
\beamer@sectionstartpage=\count90
\beamer@subsectionstartpage=\count91
\beamer@animationtempa=\count92
\beamer@animationtempb=\count93
\beamer@xpos=\count94
\beamer@ypos=\count95
\beamer@showpartnumber=\count96
\beamer@currentsubsection=\count97
\beamer@coveringdepth=\count98
\beamer@sectionadjust=\count99
\beamer@tocsectionnumber=\count100

(/sw/share/texmf-dist/tex/latex/beamer/beamerbaseoptions.sty
Package: beamerbaseoptions 2004/10/07 (rcs-revision 1.6)

(/sw/share/texmf-dist/tex/latex/graphics/keyval.sty
Package: keyval 1999/03/16 v1.13 key=value parser (DPC)
\KV@toks@=\toks14
))
(/Users/mbergins/Library/texmf/tex/latex/pgf-1.01/latex/pgf/basiclayer/pgf.sty
(/Users/mbergins/Library/texmf/tex/latex/pgf-1.01/latex/pgf/utilities/pgfrcs.st
y
(/Users/mbergins/Library/texmf/tex/latex/pgf-1.01/generic/pgf/utilities/pgfrcs.
code.tex
Package: pgfrcs 2005/11/14 v1.01 (rcs-revision 1.8)
))
Package: pgf 2005/10/25 v1.01 (rcs-revision 1.5)

(/Users/mbergins/Library/texmf/tex/latex/pgf-1.01/latex/pgf/basiclayer/pgfcore.
sty (/sw/share/texmf-dist/tex/latex/graphics/graphicx.sty
Package: graphicx 1999/02/16 v1.0f Enhanced LaTeX Graphics (DPC,SPQR)

(/sw/share/texmf-dist/tex/latex/graphics/graphics.sty
Package: graphics 2001/07/07 v1.0n Standard LaTeX Graphics (DPC,SPQR)

(/sw/share/texmf-dist/tex/latex/graphics/trig.sty
Package: trig 1999/03/16 v1.09 sin cos tan (DPC)
)
(/sw/share/texmf-dist/tex/latex/graphics/graphics.cfg
File: graphics.cfg 2005/02/03 v1.3 graphics configuration of teTeX/TeXLive
)
Package graphics Info: Driver file: pdftex.def on input line 80.

(/sw/share/texmf-dist/tex/latex/graphics/pdftex.def
File: pdftex.def 2002/06/19 v0.03k graphics/color for pdftex
\Gread@gobject=\count101
))
\Gin@req@height=\dimen119
\Gin@req@width=\dimen120
)
(/Users/mbergins/Library/texmf/tex/latex/pgf-1.01/latex/pgf/systemlayer/pgfsys.
sty
(/Users/mbergins/Library/texmf/tex/latex/pgf-1.01/generic/pgf/systemlayer/pgfsy
s.code.tex
Package: pgfsys 2005/10/18 v1.01 (rcs-revision 1.9)
\pgf@x=\dimen121
\pgf@y=\dimen122
\pgf@xa=\dimen123
\pgf@ya=\dimen124
\pgf@xb=\dimen125
\pgf@yb=\dimen126
\pgf@xc=\dimen127
\pgf@yc=\dimen128

(/Users/mbergins/Library/texmf/tex/latex/pgf-1.01/generic/pgf/systemlayer/pgf.c
fg
File: pgf.cfg 2005/06/29 (rcs-revision 1.1.1.1)
)
Package pgfsys Info: Driver file for pgf: pgfsys-pdftex.def on input line 759.

(/Users/mbergins/Library/texmf/tex/latex/pgf-1.01/generic/pgf/systemlayer/pgfsy
s-pdftex.def
File: pgfsys-pdftex.def 2005/10/06 (rcs-revision 1.4)

(/Users/mbergins/Library/texmf/tex/latex/pgf-1.01/generic/pgf/systemlayer/pgfsy
s-common-pdf.def
File: pgfsys-common-pdf.def 2005/10/18 (rcs-revision 1.4)
)))
(/Users/mbergins/Library/texmf/tex/latex/pgf-1.01/generic/pgf/systemlayer/pgfsy
ssoftpath.code.tex
File: pgfsyssoftpath.code.tex 2005/06/29 (rcs-revision 1.1.1.1)
)
(/Users/mbergins/Library/texmf/tex/latex/pgf-1.01/generic/pgf/systemlayer/pgfsy
sprotocol.code.tex
File: pgfsysprotocol.code.tex 2005/06/29 (rcs-revision 1.1.1.1)
)) (/Users/mbergins/Library/texmf/tex/latex/xcolor/xcolor.sty
Package: xcolor 2004/07/04 v2.00 LaTeX color extensions (UK)
(/sw/share/texmf-dist/tex/latex/graphics/color.cfg
File: color.cfg 2005/02/03 v1.3 color configuration of teTeX/TeXLive
)
Package xcolor Info: Driver file: pdftex.def on input line 136.
Package xcolor Info: Color model `cmy' added on input line 972.
Package xcolor Info: Color model `hsb' added on input line 980.
Package xcolor Info: Color model `HTML' added on input line 1000.
Package xcolor Info: Color model `HSB' added on input line 1006.
Package xcolor Info: Color model `Gray' added on input line 1012.
)
(/Users/mbergins/Library/texmf/tex/latex/pgf-1.01/generic/pgf/basiclayer/pgfcor
e.code.tex
Package: pgfcore 2005/10/25 v1.01 (rcs-revision 1.3)

(/Users/mbergins/Library/texmf/tex/latex/pgf-1.01/generic/pgf/basiclayer/pgfcor
emath.code.tex
File: pgfcoremath.code.tex 2005/06/29 (rcs-revision 1.1.1.1)
\c@pgf@counta=\count102
\c@pgf@countb=\count103
\c@pgf@countc=\count104
\c@pgf@countd=\count105
)
(/Users/mbergins/Library/texmf/tex/latex/pgf-1.01/generic/pgf/basiclayer/pgfcor
epoints.code.tex
File: pgfcorepoints.code.tex 2005/06/29 (rcs-revision 1.1.1.1)
\pgf@picminx=\dimen129
\pgf@picmaxx=\dimen130
\pgf@picminy=\dimen131
\pgf@picmaxy=\dimen132
\pgf@pathminx=\dimen133
\pgf@pathmaxx=\dimen134
\pgf@pathminy=\dimen135
\pgf@pathmaxy=\dimen136
\pgf@tempdim=\dimen137
\c@pgf@tempcount=\count106
\pgf@xx=\dimen138
\pgf@xy=\dimen139
\pgf@yx=\dimen140
\pgf@yy=\dimen141
\pgf@zx=\dimen142
\pgf@zy=\dimen143
)
(/Users/mbergins/Library/texmf/tex/latex/pgf-1.01/generic/pgf/basiclayer/pgfcor
epathconstruct.code.tex
File: pgfcorepathconstruct.code.tex 2005/10/25 (rcs-revision 1.1)
\pgf@path@lastx=\dimen144
\pgf@path@lasty=\dimen145
)
(/Users/mbergins/Library/texmf/tex/latex/pgf-1.01/generic/pgf/basiclayer/pgfcor
epathusage.code.tex
File: pgfcorepathusage.code.tex 2005/07/17 (rcs-revision 1.2)
\pgf@shorten@end@additional=\dimen146
\pgf@shorten@start@additional=\dimen147
)
(/Users/mbergins/Library/texmf/tex/latex/pgf-1.01/generic/pgf/basiclayer/pgfcor
escopes.code.tex
File: pgfcorescopes.code.tex 2005/11/15 (rcs-revision 1.12)
\pgfpic=\box34
\pgf@hbox=\box35
\pgf@layerbox@main=\box36
)
(/Users/mbergins/Library/texmf/tex/latex/pgf-1.01/generic/pgf/basiclayer/pgfcor
egraphicstate.code.tex
File: pgfcoregraphicstate.code.tex 2005/09/21 (rcs-revision 1.3)
\pgflinewidth=\dimen148
)
(/Users/mbergins/Library/texmf/tex/latex/pgf-1.01/generic/pgf/basiclayer/pgfcor
etransformations.code.tex
File: pgfcoretransformations.code.tex 2005/06/29 (rcs-revision 1.1.1.1)
\pgf@pt@x=\dimen149
\pgf@pt@y=\dimen150
\pgf@pt@temp=\dimen151
)
(/Users/mbergins/Library/texmf/tex/latex/pgf-1.01/generic/pgf/basiclayer/pgfcor
equick.code.tex
File: pgfcorequick.code.tex 2005/06/29 (rcs-revision 1.1.1.1)
)
(/Users/mbergins/Library/texmf/tex/latex/pgf-1.01/generic/pgf/basiclayer/pgfcor
eobjects.code.tex
File: pgfcoreobjects.code.tex 2005/06/29 (rcs-revision 1.1.1.1)
)
(/Users/mbergins/Library/texmf/tex/latex/pgf-1.01/generic/pgf/basiclayer/pgfcor
epathprocessing.code.tex
File: pgfcorepathprocessing.code.tex 2005/10/03 (rcs-revision 1.2)
)
(/Users/mbergins/Library/texmf/tex/latex/pgf-1.01/generic/pgf/basiclayer/pgfcor
earrows.code.tex
File: pgfcorearrows.code.tex 2005/07/10 (rcs-revision 1.2)
)
(/Users/mbergins/Library/texmf/tex/latex/pgf-1.01/generic/pgf/basiclayer/pgfcor
eshade.code.tex
File: pgfcoreshade.code.tex 2005/07/17 (rcs-revision 1.3)
\pgf@max=\dimen152
\pgf@sys@shading@range@num=\count107
)))
(/Users/mbergins/Library/texmf/tex/latex/pgf-1.01/latex/pgf/basiclayer/pgfbases
hapes.sty
(/Users/mbergins/Library/texmf/tex/latex/pgf-1.01/generic/pgf/basiclayer/pgfbas
eshapes.code.tex
Package: pgfbaseshapes 2005/10/13 v1.01 (rcs-revision 1.9)
\pgfnodeparttextbox=\box37
))
(/Users/mbergins/Library/texmf/tex/latex/pgf-1.01/latex/pgf/basiclayer/pgfbasep
lot.sty
(/Users/mbergins/Library/texmf/tex/latex/pgf-1.01/generic/pgf/basiclayer/pgfbas
eplot.code.tex
Package: pgfbaseplot 2005/07/06 v1.01 (rcs-revision 1.2)
\pgf@plotwrite=\write3
))
(/Users/mbergins/Library/texmf/tex/latex/pgf-1.01/latex/pgf/basiclayer/pgfbasei
mage.sty
(/Users/mbergins/Library/texmf/tex/latex/pgf-1.01/generic/pgf/basiclayer/pgfbas
eimage.code.tex
Package: pgfbaseimage 2005/07/06 v1.01 (rcs-revision 1.2)
))
(/Users/mbergins/Library/texmf/tex/latex/pgf-1.01/latex/pgf/basiclayer/pgfbasel
ayers.sty
(/Users/mbergins/Library/texmf/tex/latex/pgf-1.01/generic/pgf/basiclayer/pgfbas
elayers.code.tex
Package: pgfbaselayers 2005/10/24 v1.01 (rcs-revision 1.2)
))
(/Users/mbergins/Library/texmf/tex/latex/pgf-1.01/latex/pgf/basiclayer/pgfbases
nakes.sty
(/Users/mbergins/Library/texmf/tex/latex/pgf-1.01/generic/pgf/basiclayer/pgfbas
esnakes.code.tex
Package: pgfbasesnakes 2005/10/25 v1.01 (rcs-revision 1.6)
\pgfsnakeremainingdistance=\dimen153
\pgfsnakecompleteddistance=\dimen154
))
(/Users/mbergins/Library/texmf/tex/latex/pgf-1.01/latex/pgf/compatibility/pgfco
mp-version-0-65.sty
Package: pgfcomp-version-0-65 2005/11/14 v1.01 (rcs-revision 1.3)
\pgf@nodesepstart=\dimen155
\pgf@nodesepend=\dimen156
))
(/Users/mbergins/Library/texmf/tex/latex/pgf-1.01/latex/pgf/utilities/xxcolor.s
ty
Package: xxcolor 2003/10/24 ver 0.1
\XC@nummixins=\count108
\XC@countmixins=\count109
) (/sw/share/texmf-dist/tex/latex/amsfonts/amssymb.sty
Package: amssymb 2002/01/22 v2.2d

(/sw/share/texmf-dist/tex/latex/amsfonts/amsfonts.sty
Package: amsfonts 2001/10/25 v2.2f
\@emptytoks=\toks15
\symAMSa=\mathgroup4
\symAMSb=\mathgroup5
LaTeX Font Info:    Overwriting math alphabet `\mathfrak' in version `bold'
(Font)                  U/euf/m/n --> U/euf/b/n on input line 132.
))
(/sw/share/texmf-dist/tex/latex/geometry/geometry.sty
Package: geometry 2002/07/08 v3.2 Page Geometry
\Gm@cnth=\count110
\Gm@cntv=\count111
\c@Gm@tempcnt=\count112
\Gm@bindingoffset=\dimen157
\Gm@wd@mp=\dimen158
\Gm@odd@mp=\dimen159
\Gm@even@mp=\dimen160
\Gm@dimlist=\toks16

(/sw/share/texmf-dist/tex/latex/geometry/geometry.cfg))
(/sw/share/texmf-dist/tex/latex/hyperref/hyperref.sty
Package: hyperref 2003/11/30 v6.74m Hypertext links for LaTeX
\@linkdim=\dimen161
\Hy@linkcounter=\count113
\Hy@pagecounter=\count114

(/sw/share/texmf-dist/tex/latex/hyperref/pd1enc.def
File: pd1enc.def 2003/11/30 v6.74m Hyperref: PDFDocEncoding definition (HO)
)
(/sw/share/texmf-dist/tex/latex/hyperref/hyperref.cfg
File: hyperref.cfg 2002/06/06 v1.2 hyperref configuration of TeXLive and teTeX
)
Package hyperref Info: Option `bookmarks' set `true' on input line 1830.
Package hyperref Info: Option `bookmarksopen' set `true' on input line 1830.
Package hyperref Info: Option `implicit' set `false' on input line 1830.
Package hyperref Info: Hyper figures OFF on input line 1880.
Package hyperref Info: Link nesting OFF on input line 1885.
Package hyperref Info: Hyper index ON on input line 1888.
Package hyperref Info: Plain pages ON on input line 1893.
Package hyperref Info: Backreferencing OFF on input line 1900.

Implicit mode OFF; no redefinition of LaTeX internals
Package hyperref Info: Bookmarks ON on input line 2004.
(/sw/share/texmf-dist/tex/latex/url/url.sty
\Urlmuskip=\muskip10
Package: url 2004/03/15  ver 3.1  Verb mode for urls, etc.
)
LaTeX Info: Redefining \url on input line 2143.
\Fld@menulength=\count115
\Field@Width=\dimen162
\Fld@charsize=\dimen163
\Choice@toks=\toks17
\Field@toks=\toks18
Package hyperref Info: Hyper figures OFF on input line 2618.
Package hyperref Info: Link nesting OFF on input line 2623.
Package hyperref Info: Hyper index ON on input line 2626.
Package hyperref Info: backreferencing OFF on input line 2633.
Package hyperref Info: Link coloring OFF on input line 2638.

Hyperref stopped early
)
*hyperref using default driver hpdftex*
(/sw/share/texmf-dist/tex/latex/hyperref/hpdftex.def
File: hpdftex.def 2003/11/30 v6.74m Hyperref driver for pdfTeX

(/sw/share/texmf-dist/tex/latex/psnfss/pifont.sty
Package: pifont 2004/09/15 PSNFSS-v9.2 Pi font support (SPQR) 
LaTeX Font Info:    Try loading font information for U+pzd on input line 63.

(/sw/share/texmf-dist/tex/latex/psnfss/upzd.fd
File: upzd.fd 2001/06/04 font definitions for U/pzd.
)
LaTeX Font Info:    Try loading font information for U+psy on input line 64.

(/sw/share/texmf-dist/tex/latex/psnfss/upsy.fd
File: upsy.fd 2001/06/04 font definitions for U/psy.
))
\Fld@listcount=\count116
\@outlinefile=\write4
)
(/sw/share/texmf-dist/tex/latex/base/size11.clo
File: size11.clo 2004/02/16 v1.4f Standard LaTeX file (size option)
)
(/sw/share/texmf-dist/tex/latex/beamer/beamerbasecompatibility.sty
Package: beamerbasecompatibility 2004/11/01  (rcs-revision 1.56)
)
(/sw/share/texmf-dist/tex/latex/beamer/beamerbasefont.sty
Package: beamerbasefont 2004/10/07  (rcs-revision 1.11)
LaTeX Font Info:    Overwriting symbol font `operators' in version `normal'
(Font)                  OT1/cmr/m/n --> OT1/cmss/m/n on input line 170.
LaTeX Font Info:    Overwriting symbol font `operators' in version `bold'
(Font)                  OT1/cmr/bx/n --> OT1/cmss/bx/n on input line 173.
)
(/sw/share/texmf-dist/tex/latex/beamer/beamerbasemisc.sty
Package: beamerbasemisc 2004/10/07  (rcs-revision 1.19)
)
(/sw/share/texmf-dist/tex/latex/beamer/beamerbaseoverlay.sty
Package: beamerbaseoverlay 2004/10/26  (rcs-revision 1.47)
\beamer@argscount=\count117
\beamer@lastskipcover=\skip42
\beamer@trivlistdepth=\count118
)
(/sw/share/texmf-dist/tex/latex/beamer/beamerbasetitle.sty
Package: beamerbasetitle 2004/11/01  (rcs-revision 1.22)
)
(/sw/share/texmf-dist/tex/latex/beamer/beamerbasesection.sty
Package: beamerbasesection 2004/10/14  (rcs-revision 1.15)
\c@lecture=\count119
\c@part=\count120
\c@section=\count121
\c@subsection=\count122
)
(/sw/share/texmf-dist/tex/latex/beamer/beamerbaseframe.sty
Package: beamerbaseframe 2004/11/01  (rcs-revision 1.47)
\beamer@framebox=\box38
\beamer@frametitlebox=\box39
\beamer@zoombox=\box40
\beamer@zoomcount=\count123
\beamer@zoomframecount=\count124
\beamer@frametextheight=\dimen164
\c@subsectionslide=\count125
\beamer@frametopskip=\skip43
\beamer@framebottomskip=\skip44
\beamer@frametopskipautobreak=\skip45
\beamer@framebottomskipautobreak=\skip46
\beamer@envbody=\toks19
\c@framenumber=\count126
)
(/sw/share/texmf-dist/tex/latex/beamer/beamerbaseverbatim.sty
Package: beamerbaseverbatim 2004/10/13  (rcs-revision 1.2)
\beamer@verbatimfileout=\write5
)
(/sw/share/texmf-dist/tex/latex/beamer/beamerbaseframesize.sty
Package: beamerbaseframesize 2004/10/20  (rcs-revision 1.9)
\beamer@splitbox=\box41
\beamer@autobreakcount=\count127
\beamer@frametitletoks=\toks20
\beamer@framesubtitletoks=\toks21
)
(/sw/share/texmf-dist/tex/latex/beamer/beamerbaseframecomponents.sty
Package: beamerbaseframecomponents 2004/11/01  (rcs-revision 1.39)
\beamer@footins=\box42
)
(/sw/share/texmf-dist/tex/latex/beamer/beamerbasecolor.sty
Package: beamerbasecolor 2004/10/28  (rcs-revision 1.38)
)
(/sw/share/texmf-dist/tex/latex/beamer/beamerbasenotes.sty
Package: beamerbasenotes 2004/10/08  (rcs-revision 1.14)
\beamer@frameboxcopy=\box43
)
(/sw/share/texmf-dist/tex/latex/beamer/beamerbasetoc.sty
Package: beamerbasetoc 2004/10/07  (rcs-revision 1.19)
)
(/sw/share/texmf-dist/tex/latex/beamer/beamerbasetemplates.sty
Package: beamerbasetemplates 2004/10/07  (rcs-revision 1.50)
\beamer@sbttoks=\toks22

(/sw/share/texmf-dist/tex/latex/beamer/beamerbaseauxtemplates.sty
Package: beamerbaseauxtemplates 2004/10/28  (rcs-revision 1.21)

(/Users/mbergins/Library/texmf/tex/latex/pgf-1.01/latex/pgf/compatibility/pgfsh
ade.sty
Package: pgfshade 2005/07/06 v1.01 (rcs-revision 1.2)


Package pgfshade Warning: This package is obsolete. pgf.sty will load shade man
agement automatically on input line 13.

) (/sw/share/texmf-dist/tex/latex/beamer/beamerbaseboxes.sty
Package: beamerbaseboxes 2004/10/28  (rcs-revision 1.22)
\bmb@box=\box44
\bmb@colorbox=\box45
\bmb@boxshadow=\box46
\bmb@boxshadowball=\box47
\bmb@boxshadowballlarge=\box48
\bmb@temp=\dimen165
\bmb@dima=\dimen166
\bmb@dimb=\dimen167
\bmb@prevheight=\dimen168
)
\beamer@blockheadheight=\dimen169
))
(/sw/share/texmf-dist/tex/latex/beamer/beamerbaselocalstructure.sty
Package: beamerbaselocalstructure 2004/11/01  (rcs-revision 1.50)

(/sw/share/texmf-dist/tex/latex/tools/enumerate.sty
Package: enumerate 1999/03/05 v3.00 enumerate extensions (DPC)
\@enLab=\toks23
)
\c@figure=\count128
\c@table=\count129
\abovecaptionskip=\skip47
\belowcaptionskip=\skip48
)
(/sw/share/texmf-dist/tex/latex/beamer/beamerbasenavigation.sty
Package: beamerbasenavigation 2004/11/01  (rcs-revision 1.30)
)
(/sw/share/texmf-dist/tex/latex/beamer/beamerbasetheorems.sty
Package: beamerbasetheorems 2004/10/07  (rcs-revision 1.6)

(/sw/share/texmf-dist/tex/latex/amsmath/amsmath.sty
Package: amsmath 2000/07/18 v2.13 AMS math features
\@mathmargin=\skip49

For additional information on amsmath, use the `?' option.
(/sw/share/texmf-dist/tex/latex/amsmath/amstext.sty
Package: amstext 2000/06/29 v2.01

(/sw/share/texmf-dist/tex/latex/amsmath/amsgen.sty
File: amsgen.sty 1999/11/30 v2.0
\@emptytoks=\toks24
\ex@=\dimen170
))
(/sw/share/texmf-dist/tex/latex/amsmath/amsbsy.sty
Package: amsbsy 1999/11/29 v1.2d
\pmbraise@=\dimen171
)
(/sw/share/texmf-dist/tex/latex/amsmath/amsopn.sty
Package: amsopn 1999/12/14 v2.01 operator names
)
\inf@bad=\count130
LaTeX Info: Redefining \frac on input line 211.
\uproot@=\count131
\leftroot@=\count132
LaTeX Info: Redefining \overline on input line 307.
\classnum@=\count133
\DOTSCASE@=\count134
LaTeX Info: Redefining \ldots on input line 379.
LaTeX Info: Redefining \dots on input line 382.
LaTeX Info: Redefining \cdots on input line 467.
\Mathstrutbox@=\box49
\strutbox@=\box50
\big@size=\dimen172
LaTeX Font Info:    Redeclaring font encoding OML on input line 567.
LaTeX Font Info:    Redeclaring font encoding OMS on input line 568.
\macc@depth=\count135
\c@MaxMatrixCols=\count136
\dotsspace@=\muskip11
\c@parentequation=\count137
\dspbrk@lvl=\count138
\tag@help=\toks25
\row@=\count139
\column@=\count140
\maxfields@=\count141
\andhelp@=\toks26
\eqnshift@=\dimen173
\alignsep@=\dimen174
\tagshift@=\dimen175
\tagwidth@=\dimen176
\totwidth@=\dimen177
\lineht@=\dimen178
\@envbody=\toks27
\multlinegap=\skip50
\multlinetaggap=\skip51
\mathdisplay@stack=\toks28
LaTeX Info: Redefining \[ on input line 2666.
LaTeX Info: Redefining \] on input line 2667.
)
(/sw/share/texmf-dist/tex/latex/amscls/amsthm.sty
Package: amsthm 2004/08/06 v2.20
\thm@style=\toks29
\thm@bodyfont=\toks30
\thm@headfont=\toks31
\thm@notefont=\toks32
\thm@headpunct=\toks33
\thm@preskip=\skip52
\thm@postskip=\skip53
\thm@headsep=\skip54
\dth@everypar=\toks34
)
\c@theorem=\count142
)
(/sw/share/texmf-dist/tex/latex/beamer/beamerbasethemes.sty
Package: beamerbasethemes 2004/10/07  (rcs-revision 1.9)
)
(/sw/share/texmf-dist/tex/latex/beamer/beamerthemedefault.sty
Package: beamerthemedefault 2004/10/07  (rcs-revision 1.6)

(/sw/share/texmf-dist/tex/latex/beamer/beamerfontthemedefault.sty
Package: beamerfontthemedefault 2004/10/07  (rcs-revision 1.10)
)
(/sw/share/texmf-dist/tex/latex/beamer/beamercolorthemedefault.sty
Package: beamercolorthemedefault 2004/10/07  (rcs-revision 1.25)
)
(/sw/share/texmf-dist/tex/latex/beamer/beamerinnerthemedefault.sty
Package: beamerinnerthemedefault 2004/10/28  (rcs-revision 1.16)
\beamer@dima=\dimen179
\beamer@dimb=\dimen180
)
(/sw/share/texmf-dist/tex/latex/beamer/beamerouterthemedefault.sty
Package: beamerouterthemedefault 2004/10/07  (rcs-revision 1.6)
)))
(/sw/share/texmf-dist/tex/latex/tools/calc.sty
Package: calc 1998/07/07 v4.1b Infix arithmetic (KKT,FJ)
\calc@Acount=\count143
\calc@Bcount=\count144
\calc@Adimen=\dimen181
\calc@Bdimen=\dimen182
\calc@Askip=\skip55
\calc@Bskip=\skip56
LaTeX Info: Redefining \setlength on input line 59.
LaTeX Info: Redefining \addtolength on input line 60.
\calc@denominator=\count145
)
(/Users/mbergins/Library/texmf/tex/latex/movie15/movie15.sty
Package: movie15 2008/01/16

(/sw/share/texmf-dist/tex/latex/base/ifthen.sty
Package: ifthen 2001/05/26 v1.1c Standard LaTeX ifthen package (DPC)
)
(/sw/share/texmf-dist/tex/latex/oberdiek/ifpdf.sty
Package: ifpdf 2001/06/14 v1.0 Providing \ifpdf (HO)
Package ifpdf Info: pdfTeX in pdf mode detected on input line 140.
)
(/Users/mbergins/Library/texmf/tex/latex/ifdraft.sty
Package: ifdraft 2008/08/11 v1.3 Switch for option draft (HO)
)
(/sw/share/texmf-dist/tex/latex/ms/everyshi.sty
Package: everyshi 2001/05/15 v3.00 EveryShipout Package (MS)
)
\@MXV@page=\count146
\@MXV@adict=\count147
\@MXV@aadict=\count148
\@MXV@includes=\count149
\@MXV@players=\count150
\@MXV@links=\count151
\@MXV@width=\dimen183
\@MXV@height=\dimen184
\@MXV@depth=\dimen185
\@MXV@totalheight=\dimen186
\@MXV@@boxdepth=\dimen187
\@MXV@traiselen=\dimen188
\@MXV@braiselen=\dimen189
\@MXV@start=\dimen190
\@MXV@end=\dimen191
\@MXV@textbox=\box51
)
(/sw/share/texmf-dist/tex/generic/babel/babel.sty
Package: babel 2004/11/20 v3.8d The Babel package

(/sw/share/texmf-dist/tex/generic/babel/english.ldf
Language: english 2004/06/14 v3.3o English support from the babel system

(/sw/share/texmf-dist/tex/generic/babel/babel.def
File: babel.def 2004/11/20 v3.8d Babel common definitions
LaTeX Info: Redefining \textlatin on input line 82.
\babel@savecnt=\count152
\U@D=\dimen192
)
\l@british = a dialect from \language\l@english 
\l@UKenglish = a dialect from \language\l@english 
\l@canadian = a dialect from \language\l@american 
\l@australian = a dialect from \language\l@british 
\l@newzealand = a dialect from \language\l@british 
))
(/sw/share/texmf-dist/tex/latex/base/inputenc.sty
Package: inputenc 2004/02/05 v1.0d Input encoding file

(/sw/share/texmf-dist/tex/latex/base/latin1.def
File: latin1.def 2004/02/05 v1.0d Input encoding file
))
(/sw/share/texmf-dist/tex/latex/psnfss/times.sty
Package: times 2004/09/15 PSNFSS-v9.2 (SPQR) 
)
(/sw/share/texmf-dist/tex/latex/base/fontenc.sty
Package: fontenc 2004/02/22 v1.99f Standard LaTeX package

(/sw/share/texmf-dist/tex/latex/base/t1enc.def
File: t1enc.def 2004/02/22 v1.99f Standard LaTeX file
LaTeX Font Info:    Redeclaring font encoding T1 on input line 43.
))
(/sw/share/texmf-dist/tex/latex/beamer/beamercolorthemestructure.sty
Package: beamercolorthemestructure 2004/10/07  (rcs-revision 1.3)
)
(./pres.aux)
\openout1 = `pres.aux'.

LaTeX Font Info:    Checking defaults for OML/cmm/m/it on input line 42.
LaTeX Font Info:    ... okay on input line 42.
LaTeX Font Info:    Checking defaults for T1/cmr/m/n on input line 42.
LaTeX Font Info:    ... okay on input line 42.
LaTeX Font Info:    Checking defaults for OT1/cmr/m/n on input line 42.
LaTeX Font Info:    ... okay on input line 42.
LaTeX Font Info:    Checking defaults for OMS/cmsy/m/n on input line 42.
LaTeX Font Info:    ... okay on input line 42.
LaTeX Font Info:    Checking defaults for OMX/cmex/m/n on input line 42.
LaTeX Font Info:    ... okay on input line 42.
LaTeX Font Info:    Checking defaults for U/cmr/m/n on input line 42.
LaTeX Font Info:    ... okay on input line 42.
LaTeX Font Info:    Checking defaults for PD1/pdf/m/n on input line 42.
LaTeX Font Info:    ... okay on input line 42.
LaTeX Font Info:    Try loading font information for T1+phv on input line 42.
 (/sw/share/texmf-dist/tex/latex/psnfss/t1phv.fd
File: t1phv.fd 2001/06/04 scalable font definitions for T1/phv.
)
(/sw/share/texmf-dist/tex/context/base/supp-pdf.tex
(/sw/share/texmf-dist/tex/context/base/supp-mis.tex
loading : Context Support Macros / Miscellaneous (2004.10.26)
\protectiondepth=\count153
\scratchcounter=\count154
\scratchtoks=\toks35
\scratchdimen=\dimen193
\scratchskip=\skip57
\scratchmuskip=\muskip12
\scratchbox=\box52
\scratchread=\read1
\scratchwrite=\write6
\zeropoint=\dimen194
\onepoint=\dimen195
\onebasepoint=\dimen196
\minusone=\count155
\thousandpoint=\dimen197
\onerealpoint=\dimen198
\emptytoks=\toks36
\nextbox=\box53
\nextdepth=\dimen199
\everyline=\toks37
\!!counta=\count156
\!!countb=\count157
\recursecounter=\count158
)
loading : Context Support Macros / PDF (2004.03.26)
\nofMPsegments=\count159
\nofMParguments=\count160
\MPscratchCnt=\count161
\MPscratchDim=\dimen200
\MPnumerator=\count162
\everyMPtoPDFconversion=\toks38
)
-------------------- Geometry parameters
paper: user defined
landscape: --
twocolumn: --
twoside: --
asymmetric: --
h-parts: 28.45274pt, 307.28987pt, 28.45274pt
v-parts: 0.0pt, 273.14662pt, 0.0pt
hmarginratio: --
vmarginratio: --
lines: --
heightrounded: --
bindingoffset: 0.0pt
truedimen: --
includehead: true
includefoot: true
includemp: --
driver: pdftex
-------------------- Page layout dimensions and switches
\paperwidth  364.19536pt
\paperheight 273.14662pt
\textwidth  307.28987pt
\textheight 244.6939pt
\oddsidemargin  -43.81725pt
\evensidemargin -43.81725pt
\topmargin  -72.26999pt
\headheight 14.22636pt
\headsep    0.0pt
\footskip   14.22636pt
\marginparwidth 4.0pt
\marginparsep   10.0pt
\columnsep  10.0pt
\skip\footins  10.0pt plus 4.0pt minus 2.0pt
\hoffset 0.0pt
\voffset 0.0pt
\mag 1000

(1in=72.27pt, 1cm=28.45pt)
-----------------------
Package hyperref Info: Link coloring OFF on input line 42.
 (/sw/share/texmf-dist/tex/latex/hyperref/nameref.sty
Package: nameref 2003/12/03 v2.21 Cross-referencing by name of section
\c@section@level=\count163
)
LaTeX Info: Redefining \ref on input line 42.
LaTeX Info: Redefining \pageref on input line 42.
 (./pres.out)
(./pres.out)
\openout4 = `pres.out'.

\symnumbers=\mathgroup6
\sympureletters=\mathgroup7
LaTeX Font Info:    Overwriting math alphabet `\mathrm' in version `normal'
(Font)                  OT1/cmss/m/n --> T1/ptm/m/n on input line 42.
LaTeX Font Info:    Redeclaring math alphabet \mathbf on input line 42.
LaTeX Font Info:    Overwriting math alphabet `\mathbf' in version `normal'
(Font)                  OT1/cmr/bx/n --> T1/phv/bx/n on input line 42.
LaTeX Font Info:    Overwriting math alphabet `\mathbf' in version `bold'
(Font)                  OT1/cmr/bx/n --> T1/phv/bx/n on input line 42.
LaTeX Font Info:    Redeclaring math alphabet \mathsf on input line 42.
LaTeX Font Info:    Overwriting math alphabet `\mathsf' in version `normal'
(Font)                  OT1/cmss/m/n --> T1/phv/m/n on input line 42.
LaTeX Font Info:    Overwriting math alphabet `\mathsf' in version `bold'
(Font)                  OT1/cmss/bx/n --> T1/phv/m/n on input line 42.
LaTeX Font Info:    Redeclaring math alphabet \mathit on input line 42.
LaTeX Font Info:    Overwriting math alphabet `\mathit' in version `normal'
(Font)                  OT1/cmr/m/it --> T1/phv/m/it on input line 42.
LaTeX Font Info:    Overwriting math alphabet `\mathit' in version `bold'
(Font)                  OT1/cmr/bx/it --> T1/phv/m/it on input line 42.
LaTeX Font Info:    Redeclaring math alphabet \mathtt on input line 42.
LaTeX Font Info:    Overwriting math alphabet `\mathtt' in version `normal'
(Font)                  OT1/cmtt/m/n --> T1/pcr/m/n on input line 42.
LaTeX Font Info:    Overwriting math alphabet `\mathtt' in version `bold'
(Font)                  OT1/cmtt/m/n --> T1/pcr/m/n on input line 42.
LaTeX Font Info:    Overwriting symbol font `numbers' in version `bold'
(Font)                  T1/phv/m/n --> T1/phv/bx/n on input line 42.
LaTeX Font Info:    Overwriting symbol font `pureletters' in version `bold'
(Font)                  T1/phv/m/it --> T1/phv/bx/it on input line 42.
LaTeX Font Info:    Overwriting math alphabet `\mathrm' in version `bold'
(Font)                  OT1/cmss/bx/n --> T1/ptm/bx/n on input line 42.
LaTeX Font Info:    Overwriting math alphabet `\mathbf' in version `bold'
(Font)                  T1/phv/bx/n --> T1/phv/bx/n on input line 42.
LaTeX Font Info:    Overwriting math alphabet `\mathsf' in version `bold'
(Font)                  T1/phv/m/n --> T1/phv/bx/n on input line 42.
LaTeX Font Info:    Overwriting math alphabet `\mathit' in version `bold'
(Font)                  T1/phv/m/it --> T1/phv/bx/it on input line 42.
LaTeX Font Info:    Overwriting math alphabet `\mathtt' in version `bold'
(Font)                  T1/pcr/m/n --> T1/pcr/bx/n on input line 42.
 ABD: EveryShipout initializing macros (./pres.nav) [1

{/sw/var/lib/texmf/fonts/map/pdftex/updmap/pdftex.map}]
LaTeX Font Info:    Try loading font information for U+msa on input line 63.

(/sw/share/texmf-dist/tex/latex/amsfonts/umsa.fd
File: umsa.fd 2002/01/19 v2.2g AMS font definitions
)
LaTeX Font Info:    Try loading font information for U+msb on input line 63.

(/sw/share/texmf-dist/tex/latex/amsfonts/umsb.fd
File: umsb.fd 2002/01/19 v2.2g AMS font definitions
)
LaTeX Font Info:    Font shape `T1/phv/m/it' in size <8> not available
(Font)              Font shape `T1/phv/m/sl' tried instead on input line 63.
LaTeX Font Info:    Font shape `T1/phv/m/it' in size <6> not available
(Font)              Font shape `T1/phv/m/sl' tried instead on input line 63.
LaTeX Font Info:    Font shape `T1/phv/m/it' in size <5> not available
(Font)              Font shape `T1/phv/m/sl' tried instead on input line 63.
LaTeX Font Info:    Font shape `T1/phv/m/it' in size <10.95> not available
(Font)              Font shape `T1/phv/m/sl' tried instead on input line 63.

<figures/invado_sketch.png, id=42, 1044.90375pt x 615.29875pt>
File: figures/invado_sketch.png Graphic file (type png)

<use figures/invado_sketch.png> [2

 <./figures/invado_sketch.png>]
<figures/sample_gel.png, id=71, 1007.765pt x 1005.7575pt>
File: figures/sample_gel.png Graphic file (type png)

<use figures/sample_gel.png>
<figures/sample_puncta.png, id=72, 1007.765pt x 1005.7575pt>
File: figures/sample_puncta.png Graphic file (type png)

<use figures/sample_puncta.png> [3

 <./figures/sample_gel.png> <./figures/sample_puncta.png>] <figures/invado_over
_time.png, id=98, 763.85374pt x 536.0025pt>
File: figures/invado_over_time.png Graphic file (type png)

<use figures/invado_over_time.png> [4

 <./figures/invado_over_time.png>]
[5

] <figures/cascade_diagram.png, id=149, 628.749pt x 940.9554pt>
File: figures/cascade_diagram.png Graphic file (type png)

<use figures/cascade_diagram.png> [6

 <./figures/cascade_diagram.png>]
<figures/invado_finding/finding_composite.png, id=175, 1033.461pt x 294.1389pt>
File: figures/invado_finding/finding_composite.png Graphic file (type png)
<use figures/invado_finding/finding_composite.png> [7

 <./figures/invado_finding/finding_composite.png>]
<figures/tracking_flowchart.png, id=202, 232.9503pt x 333.1647pt>
File: figures/tracking_flowchart.png Graphic file (type png)

<use figures/tracking_flowchart.png> [8

 <./figures/tracking_flowchart.png>]
<figures/Local_background.png, id=228, 408.68684pt x 181.6386pt>
File: figures/Local_background.png Graphic file (type png)

<use figures/Local_background.png> [9

 <./figures/Local_background.png>]
<figures/sm_puncta/local_diff_filtering_samp50.png, id=257, 4197.4416pt x 2734.
6968pt>
File: figures/sm_puncta/local_diff_filtering_samp50.png Graphic file (type png)

 <use figures/sm_puncta/local_diff_filtering_samp50.png> [10

 <./figures/sm_puncta/local_diff_filtering_samp50.png>]
<figures/sm_puncta/montage_composite.png, id=283, 490.83376pt x 185.69376pt>
File: figures/sm_puncta/montage_composite.png Graphic file (type png)

<use figures/sm_puncta/montage_composite.png> [11

 <./figures/sm_puncta/montage_composite.png>]
<figures/sm_puncta/ctrl_02_23_pos03_0515.png, id=309, 505.89pt x 505.89pt>
File: figures/sm_puncta/ctrl_02_23_pos03_0515.png Graphic file (type png)

<use figures/sm_puncta/ctrl_02_23_pos03_0515.png> [12

 <./figures/sm_puncta/ctrl_02_23_pos03_0515.png>]
<figures/final_vis/invado_highlight_last_no_high.png, id=335, 739.76375pt x 628
.3475pt>
File: figures/final_vis/invado_highlight_last_no_high.png Graphic file (type pn
g)
 <use figures/final_vis/invado_highlight_last_no_high.png> [13

 <./figures/final_vis/invado_highlight_last_no_high.png>]
<figures/final_vis/invado_highlight_last_highlights.png, id=362, 739.76375pt x 
628.3475pt>
File: figures/final_vis/invado_highlight_last_highlights.png Graphic file (type
 png)
 <use figures/final_vis/invado_highlight_last_highlights.png>
[14

 <./figures/final_vis/invado_highlight_last_highlights.png>] [15

]
<figures/data/longevity_barplots.png, id=413, 1011.78pt x 505.89pt>
File: figures/data/longevity_barplots.png Graphic file (type png)

<use figures/data/longevity_barplots.png> [16

 <./figures/data/longevity_barplots.png>] <figures/data/area_barplots.png, id=4
39, 1011.78pt x 505.89pt>
File: figures/data/area_barplots.png Graphic file (type png)

<use figures/data/area_barplots.png> [17

 <./figures/data/area_barplots.png>]
<figures/data/local_diff_means.png, id=465, 1011.78pt x 505.89pt>
File: figures/data/local_diff_means.png Graphic file (type png)

<use figures/data/local_diff_means.png> [18

 <./figures/data/local_diff_means.png>] [19

]
\tf@nav=\write7
\openout7 = `pres.nav'.

\tf@toc=\write8
\openout8 = `pres.toc'.

\tf@snm=\write9
\openout9 = `pres.snm'.

 (./pres.aux) ) 
Here is how much of TeX's memory you used:
 9316 strings out of 94500
 163003 string characters out of 1176114
 262039 words of memory out of 1000000
 12111 multiletter control sequences out of 10000+50000
 34974 words of font info for 55 fonts, out of 1200000 for 2000
 580 hyphenation exceptions out of 8191
 46i,14n,48p,343b,675s stack positions out of 5000i,500n,6000p,200000b,5000s
PDF statistics:
 514 PDF objects out of 65536
 39 named destinations out of 20000
 117 words of extra memory for PDF output out of 65536
</sw/share/texmf-dist/fonts/type1/bluesky/symbols/msam7.pfb></sw
/share/texmf-dist/fonts/type1/bluesky/symbols/msam7.pfb>{/sw/share/texmf-dist/f
onts/enc/dvips/psnfss/8r.enc}</sw/share/texmf-dist/fonts/type1/urw/helvetic/uhv
r8a.pfb>
Output written on pres.pdf (19 pages, 4060523 bytes).
